<?xml version="1.0" encoding="UTF-8"?>
<testsuite name="a prueba" tests="1" skipped="0" failures="0" errors="0" timestamp="2022-04-15T16:48:11" hostname="DESKTOP-9LU7CK1" time="9.15">
  <properties/>
  <testcase name="a prueba" classname="a prueba" time="9.15"/>
  <system-out><![CDATA[]]></system-out>
  <system-err><![CDATA[Starting ChromeDriver 100.0.4896.60 (6a5d10861ce8de5fce22564658033b43cb7de047-refs/branch-heads/4896@{#875}) on port 30350
Only local connections are allowed.
Please see https://chromedriver.chromium.org/security-considerations for suggestions on keeping ChromeDriver safe.
ChromeDriver was started successfully.
abr. 15, 2022 11:48:13 A. M. org.openqa.selenium.remote.ProtocolHandshake createSession
INFORMACIÓN: Detected dialect: W3C
]]></system-err>
</testsuite>
